This is pdfTeX, Version 3.141592653-2.6-1.40.24 (TeX Live 2022) (preloaded format=pdflatex 2023.3.15)  19 OCT 2023 00:55
entering extended mode
 restricted \write18 enabled.
 %&-line parsing enabled.
**/Users/vincent/Desktop/資料結構實習/latex_template/code_setting.tex
(/Users/vincent/Desktop/資料結構實習/latex_template/code_setting.tex
LaTeX2e <2022-11-01> patch level 1
L3 programming layer <2023-02-22>

! LaTeX Error: \usepackage before \documentclass.

See the LaTeX manual or LaTeX Companion for explanation.
Type  H <return>  for immediate help.
 ...                                              
                                                  
l.2 \usepackage{
                listings}
? 
! Emergency stop.
 ...                                              
                                                  
l.2 \usepackage{
                listings}
\usepackage may only appear in the document preamble, i.e.,
between \documentclass and \begin{document}.

 
Here is how much of TeX's memory you used:
 18 strings out of 476024
 714 string characters out of 5790018
 1849388 words of memory out of 5000000
 20566 multiletter control sequences out of 15000+600000
 512287 words of font info for 32 fonts, out of 8000000 for 9000
 1141 hyphenation exceptions out of 8191
 13i,0n,12p,141b,14s stack positions out of 10000i,1000n,20000p,200000b,200000s
!  ==> Fatal error occurred, no output PDF file produced!
